a = 11
b = 3
c = -70
d = -9
e = 0

Test operator+
a + b = 14
a + c = -59
c + b = -67
c + d = -79

Test operator-
a - b = 8
a - c = 81
c - b = -73
c - d = -61

Test operator*
a * b = 33
a * c = -770
c * b = -210
c * d = 630

Test pre- and post- increment operators
a++ = 11
a = 12
++a = 13

Test pre- and post- decrement operators
a-- = 13
a = 12
--a = 11

Test compound statement, and assignment operator
a = 11
b = 3
c = -70
d = -9
e = 0
(e = a*b + c*d) = 663
e = 663

Test power operator
b ^ 3 = 27
a ^ b = 1,331

Test factorial operator
1! = 1
2! = 2
3! = 6
4! = 24
5! = 120
6! = 720
7! = 5,040
8! = 40,320
9! = 362,880

The value N that makes the statement:  N! < g < (N+1)!, true is: 

     N = 69
     g =  10,000,000,000,000,000,000,000,000,000,000,000,000,000,000,000,
             000,000,000,000,000,000,000,000,000,000,000,000,000,000,000,
	     000,000,000
    N! =     171,122,452,428,141,311,372,468,338,881,272,839,092,270,544,
	     893,520,369,393,648,040,923,257,279,754,140,647,424,000,000,
	     000,000,000
(N+1)! =  11,978,571,669,969,891,796,072,783,721,689,098,736,458,938,142,
             546,425,857,555,362,864,628,009,582,789,845,319,680,000,000,
	     000,000,000


In 46 seconds, a total of 

	7,778,742,047  

have heard the rumor, which exceeds the earth's population of

	5,000,000,000


In 478 seconds, a total of 

	14,913,169,640,232,740,127,827,512,057,302,148,063,648,650,
	   711,209,401,966,150,219,926,546,779,697,987,984,279,570,
	   098,768,737,999,679

have heard the rumor, which exceeds the earth's population of

	10,000,000,000,000,000,000,000,000,000,000,000,000,000,
	   000,000,000,000,000,000,000,000,000,000,000,000,000,
	   000,000,000,000,000,000,000
